build/outputs/logs/manifest-merger-debug-report.txt
-- Merging decision tree log ---
manifest
ADDED from StudioProjects/RapOnAir/AndroidManifest.xml:2:1-30:12
	xmlns:android
		ADDED from StudioProjects/RapOnAir/AndroidManifest.xml:2:11-69
	package
		ADDED from StudioProjects/RapOnAir/AndroidManifest.xml:3:5-33
	android:versionName
		ADDED from StudioProjects/RapOnAir/AndroidManifest.xml:5:5-32
	android:versionCode
		ADDED from StudioProjects/RapOnAir/AndroidManifest.xml:4:5-29
		INJECTED from StudioProjects/RapOnAir/AndroidManifest.xml
		INJECTED from StudioProjects/RapOnAir/AndroidManifest.xml
uses-sdk
ADDED from StudioProjects/RapOnAir/AndroidManifest.xml:7:5-9:41
	android:targetSdkVersion
		ADDED from StudioProjects/RapOnAir/AndroidManifest.xml:9:9-38
		INJECTED from StudioProjects/RapOnAir/AndroidManifest.xml
		INJECTED from StudioProjects/RapOnAir/AndroidManifest.xml
	android:minSdkVersion
		ADDED from StudioProjects/RapOnAir/AndroidManifest.xml:8:9-34
		INJECTED from StudioProjects/RapOnAir/AndroidManifest.xml
		INJECTED from StudioProjects/RapOnAir/AndroidManifest.xml
uses-permission#android.permission.INTERNET
ADDED from StudioProjects/RapOnAir/AndroidManifest.xml:10:5-66
	android:name
		ADDED from StudioProjects/RapOnAir/AndroidManifest.xml:10:22-64
application
ADDED from StudioProjects/RapOnAir/AndroidManifest.xml:12:5-28:19
	android:label
		ADDED from StudioProjects/RapOnAir/AndroidManifest.xml:15:9-41
	android:allowBackup
		ADDED from StudioProjects/RapOnAir/AndroidManifest.xml:13:9-35
	android:icon
		ADDED from StudioProjects/RapOnAir/AndroidManifest.xml:14:9-39
	android:theme
		ADDED from StudioProjects/RapOnAir/AndroidManifest.xml:16:9-40
activity#com.vicio.raponair.MainActivity
ADDED from StudioProjects/RapOnAir/AndroidManifest.xml:17:9-25:20
	android:label
		ADDED from StudioProjects/RapOnAir/AndroidManifest.xml:19:13-45
	android:name
		ADDED from StudioProjects/RapOnAir/AndroidManifest.xml:18:13-59
intent-filter#android.intent.action.MAIN+android.intent.category.LAUNCHER
ADDED from StudioProjects/RapOnAir/AndroidManifest.xml:20:13-24:29
action#android.intent.action.MAIN
ADDED from StudioProjects/RapOnAir/AndroidManifest.xml:21:17-69
	android:name
		ADDED from StudioProjects/RapOnAir/AndroidManifest.xml:21:25-66
category#android.intent.category.LAUNCHER
ADDED from StudioProjects/RapOnAir/AndroidManifest.xml:23:17-77
	android:name
		ADDED from StudioProjects/RapOnAir/AndroidManifest.xml:23:27-74
service#com.vicio.raponair.ServicioRapOnAir
ADDED from StudioProjects/RapOnAir/AndroidManifest.xml:26:10-54
	android:name
		ADDED from StudioProjects/RapOnAir/AndroidManifest.xml:26:19-51
activity#com.vicio.raponair.AboutActivity
ADDED from StudioProjects/RapOnAir/AndroidManifest.xml:27:9-60
	android:name
		ADDED from StudioProjects/RapOnAir/AndroidManifest.xml:27:19-48